<?xml version="1.0" encoding="UTF-8"?>
<!-- Generated by org.testng.reporters.JUnitReportReporter -->
<testsuite hostname="XAV-US-LAP1475" name="com.vsk.rahul.competition.woc36.WaysToGiveACheckTest" tests="1" failures="0" timestamp="8 Feb 2018 07:55:02 GMT" time="0.033" errors="0">
  <testcase name="test" time="0.033" classname="com.vsk.rahul.competition.woc36.WaysToGiveACheckTest"/>
</testsuite> <!-- com.vsk.rahul.competition.woc36.WaysToGiveACheckTest -->
