<?xml version="1.0" encoding="UTF-8"?>
<!-- Generated by org.testng.reporters.JUnitReportReporter -->
<testsuite hostname="XAV-US-LAP1475" name="com.vsk.rahul.competition.woc36.RaceAgainstTimeTest" tests="1" failures="0" timestamp="8 Feb 2018 20:56:55 GMT" time="9.340" errors="0">
  <testcase name="test" time="9.340" classname="com.vsk.rahul.competition.woc36.RaceAgainstTimeTest"/>
</testsuite> <!-- com.vsk.rahul.competition.woc36.RaceAgainstTimeTest -->
