<?xml version="1.0" encoding="UTF-8"?>
<!-- Generated by org.testng.reporters.JUnitReportReporter -->
<testsuite hostname="XAV-US-LAP1475" name="com.vsk.rahul.utils.StringUtilsTest" tests="3" failures="0" timestamp="2 Nov 2017 06:21:38 GMT" time="4.486" errors="0">
  <testcase name="permutations" time="0.004" classname="com.vsk.rahul.utils.StringUtilsTest"/>
  <testcase name="lexicographicalValueTest" time="0.021" classname="com.vsk.rahul.utils.StringUtilsTest"/>
  <testcase name="toStringTest" time="4.461" classname="com.vsk.rahul.utils.StringUtilsTest"/>
</testsuite> <!-- com.vsk.rahul.utils.StringUtilsTest -->
