<?xml version="1.0" encoding="UTF-8"?>
<!-- Generated by org.testng.reporters.JUnitReportReporter -->
<testsuite hostname="XAV-US-LAP1475" name="com.vsk.rahul.ds.array.SparseArraysTest" tests="1" failures="0" timestamp="3 Nov 2017 08:18:55 GMT" time="9.552" errors="0">
  <testcase name="check" time="9.552" classname="com.vsk.rahul.ds.array.SparseArraysTest"/>
</testsuite> <!-- com.vsk.rahul.ds.array.SparseArraysTest -->
