<?xml version="1.0" encoding="UTF-8"?>
<!-- Generated by org.testng.reporters.JUnitReportReporter -->
<testsuite hostname="XAV-US-LAP1475" name="com.vsk.rahul.ds.array.ArrayRotationTest" tests="1" failures="0" timestamp="2 Nov 2017 06:35:18 GMT" time="1.623" errors="0">
  <testcase name="check" time="1.623" classname="com.vsk.rahul.ds.array.ArrayRotationTest"/>
</testsuite> <!-- com.vsk.rahul.ds.array.ArrayRotationTest -->
